TN:
SF:src/App.tsx
FN:5,App
FNF:1
FNH:1
FNDA:1,App
DA:1,1
DA:2,1
DA:3,1
DA:4,1
DA:5,1
DA:6,1
DA:7,1
DA:8,1
DA:9,1
DA:10,1
DA:11,1
DA:12,1
DA:13,1
DA:14,1
DA:15,1
LF:15
LH:15
BRDA:5,0,0,1
BRF:1
BRH:1
end_of_record
TN:
SF:src/main.tsx
FN:1,(empty-report)
FNF:1
FNH:0
FNDA:0,(empty-report)
DA:1,0
DA:2,0
DA:3,0
DA:4,0
DA:5,0
DA:6,0
DA:7,0
DA:8,0
DA:9,0
DA:10,0
LF:10
LH:0
BRDA:1,0,0,0
BRF:1
BRH:0
end_of_record
TN:
SF:src/routes.tsx
FNF:0
FNH:0
DA:1,1
DA:2,1
DA:3,1
DA:4,1
DA:5,1
DA:6,1
DA:7,1
DA:8,1
DA:9,1
DA:10,1
DA:11,1
DA:12,1
DA:13,1
DA:14,1
LF:14
LH:14
BRF:0
BRH:0
end_of_record
TN:
SF:src/components/AppRouter.tsx
FN:5,AppRouter
FNF:1
FNH:1
FNDA:2,AppRouter
DA:1,1
DA:2,1
DA:3,1
DA:4,1
DA:5,1
DA:6,2
DA:7,2
DA:8,2
DA:9,4
DA:10,2
DA:11,2
DA:12,2
DA:13,2
DA:14,2
DA:15,2
DA:16,1
DA:17,1
LF:17
LH:17
BRDA:5,0,0,2
BRDA:8,1,0,4
BRF:2
BRH:2
end_of_record
TN:
SF:src/components/ErrorBoundary.tsx
FN:11,<instance_members_initializer>
FN:12,ErrorBoundary
FN:19,componentDidCatch
FN:24,reloadPage
FN:28,render
FNF:5
FNH:3
FNDA:2,<instance_members_initializer>
FNDA:2,ErrorBoundary
FNDA:0,componentDidCatch
FNDA:0,reloadPage
FNDA:2,render
DA:1,1
DA:2,1
DA:3,1
DA:4,1
DA:5,1
DA:6,1
DA:7,1
DA:8,1
DA:9,1
DA:10,1
DA:11,2
DA:12,2
DA:13,2
DA:14,2
DA:15,2
DA:16,2
DA:17,2
DA:18,2
DA:19,2
DA:20,0
DA:21,0
DA:22,0
DA:23,2
DA:24,2
DA:25,0
DA:26,2
DA:27,2
DA:28,2
DA:29,2
DA:30,0
DA:31,0
DA:32,0
DA:33,0
DA:34,0
DA:35,0
DA:36,0
DA:37,0
DA:38,0
DA:39,2
DA:40,2
DA:41,2
DA:42,1
DA:43,1
LF:43
LH:30
BRDA:11,0,0,2
BRDA:12,1,0,2
BRDA:28,2,0,2
BRDA:29,3,0,0
BRF:4
BRH:3
end_of_record
TN:
SF:src/components/ErrorThrowButton.tsx
FN:1,Object.<anonymous>
FN:7,ErrorThrowButton
FN:12,throwError
FNF:3
FNH:2
FNDA:5,Object.<anonymous>
FNDA:8,ErrorThrowButton
FNDA:0,throwError
DA:1,5
DA:2,5
DA:3,5
DA:4,5
DA:5,5
DA:6,5
DA:7,5
DA:8,8
DA:9,8
DA:10,8
DA:11,8
DA:12,8
DA:13,0
DA:14,8
DA:15,8
DA:16,8
DA:17,8
DA:18,8
DA:19,8
DA:20,8
LF:20
LH:19
BRDA:1,0,0,5
BRDA:1,1,0,5
BRDA:7,2,0,8
BRF:3
BRH:3
end_of_record
TN:
SF:src/components/Footer.tsx
FN:1,Footer
FNF:1
FNH:1
FNDA:7,Footer
DA:1,1
DA:2,7
DA:3,7
DA:4,7
DA:5,7
DA:6,7
DA:7,7
DA:8,1
DA:9,1
LF:9
LH:9
BRDA:1,0,0,7
BRF:1
BRH:1
end_of_record
TN:
SF:src/components/Header.tsx
FN:4,Header
FNF:1
FNH:1
FNDA:7,Header
DA:1,1
DA:2,1
DA:3,1
DA:4,1
DA:5,7
DA:6,7
DA:7,7
DA:8,7
DA:9,7
DA:10,7
DA:11,7
DA:12,7
DA:13,7
DA:14,7
DA:15,7
DA:16,1
DA:17,1
LF:17
LH:17
BRDA:4,0,0,7
BRF:1
BRH:1
end_of_record
TN:
SF:src/components/Logo.tsx
FN:5,Logo
FNF:1
FNH:1
FNDA:8,Logo
DA:1,1
DA:2,1
DA:3,1
DA:4,1
DA:5,1
DA:6,8
DA:7,8
DA:8,8
DA:9,8
DA:10,8
DA:11,8
DA:12,8
DA:13,8
DA:14,1
DA:15,1
LF:15
LH:15
BRDA:5,0,0,8
BRF:1
BRH:1
end_of_record
TN:
SF:src/components/PageInput.tsx
FN:8,PageInput
FN:12,handleInputChange
FN:20,handleInputBlur
FN:24,handleDecreaseClick
FN:31,handleIncreaseClick
FNF:5
FNH:5
FNDA:17,PageInput
FNDA:1,handleInputChange
FNDA:1,handleInputBlur
FNDA:1,handleDecreaseClick
FNDA:1,handleIncreaseClick
DA:1,1
DA:2,1
DA:3,1
DA:4,1
DA:5,1
DA:6,1
DA:7,1
DA:8,1
DA:9,17
DA:10,17
DA:11,17
DA:12,17
DA:13,1
DA:14,1
DA:15,1
DA:16,1
DA:17,1
DA:18,17
DA:19,17
DA:20,17
DA:21,1
DA:22,17
DA:23,17
DA:24,17
DA:25,1
DA:26,1
DA:27,1
DA:28,1
DA:29,17
DA:30,17
DA:31,17
DA:32,1
DA:33,1
DA:34,17
DA:35,17
DA:36,17
DA:37,17
DA:38,17
DA:39,17
DA:40,17
DA:41,17
DA:42,17
DA:43,17
DA:44,17
DA:45,17
DA:46,17
DA:47,17
DA:48,17
DA:49,17
DA:50,17
DA:51,17
DA:52,17
DA:53,17
DA:54,17
DA:55,17
DA:56,17
DA:57,17
DA:58,1
DA:59,1
LF:59
LH:59
BRDA:8,0,0,17
BRDA:12,1,0,1
BRDA:20,2,0,1
BRDA:24,3,0,1
BRDA:31,4,0,1
BRF:5
BRH:5
end_of_record
TN:
SF:src/components/Pagination.tsx
FN:10,Pagination
FNF:1
FNH:1
FNDA:1,Pagination
DA:1,1
DA:2,1
DA:3,1
DA:4,1
DA:5,1
DA:6,1
DA:7,1
DA:8,1
DA:9,1
DA:10,1
DA:11,1
DA:12,1
DA:13,1
DA:14,1
DA:15,1
DA:16,1
DA:17,1
DA:18,1
DA:19,1
DA:20,1
DA:21,1
DA:22,1
DA:23,1
DA:24,1
DA:25,1
DA:26,1
DA:27,1
DA:28,1
DA:29,1
DA:30,1
DA:31,1
DA:32,1
DA:33,0
DA:34,1
DA:35,1
DA:36,1
DA:37,1
DA:38,1
DA:39,1
DA:40,1
DA:41,1
LF:41
LH:40
BRDA:10,0,0,1
BRDA:32,1,0,0
BRF:2
BRH:1
end_of_record
TN:
SF:src/components/PokemonDetails.tsx
FN:23,PokemonDetails
FNF:1
FNH:1
FNDA:3,PokemonDetails
DA:1,1
DA:2,1
DA:3,1
DA:4,1
DA:5,1
DA:6,1
DA:7,1
DA:8,1
DA:9,1
DA:10,1
DA:11,1
DA:12,1
DA:13,1
DA:14,1
DA:15,1
DA:16,1
DA:17,1
DA:18,1
DA:19,1
DA:20,1
DA:21,1
DA:22,1
DA:23,1
DA:24,3
DA:25,3
DA:26,3
DA:27,3
DA:28,3
DA:29,3
DA:30,3
DA:31,3
DA:32,2
DA:33,1
DA:34,1
DA:35,1
DA:36,1
DA:37,0
DA:38,0
DA:39,0
DA:40,0
DA:41,0
DA:42,0
DA:43,0
DA:44,0
DA:45,0
DA:46,0
DA:47,0
DA:48,0
DA:49,0
DA:50,0
DA:51,0
DA:52,0
DA:53,0
DA:54,0
DA:55,1
DA:56,1
DA:57,1
DA:58,1
DA:59,1
DA:60,1
DA:61,3
DA:62,3
DA:63,3
DA:64,3
DA:65,3
DA:66,1
DA:67,3
DA:68,0
DA:69,0
DA:70,0
DA:71,0
DA:72,0
DA:73,0
DA:74,0
DA:75,0
DA:76,0
DA:77,0
DA:78,0
DA:79,0
DA:80,0
DA:81,0
DA:82,2
DA:83,2
DA:84,3
DA:85,3
DA:86,3
DA:87,3
DA:88,1
DA:89,1
LF:89
LH:57
BRDA:23,0,0,3
BRDA:65,1,0,1
BRDA:67,2,0,2
BRDA:67,3,0,0
BRDA:31,4,0,2
BRDA:32,5,0,1
BRDA:32,6,0,1
BRDA:35,7,0,1
BRDA:56,8,0,1
BRF:9
BRH:8
end_of_record
TN:
SF:src/components/PokemonSearch.tsx
FN:12,PokemonSearch
FN:44,handleItemClick
FN:55,handleItemsPerPageChange
FN:69,calculateTotalCountAndPages
FN:75,handleSearchResultClose
FN:93,image.onload
FN:193,initPokemons
FN:244,handleSearch
FN:283,onPageChange
FNF:9
FNH:3
FNDA:15,PokemonSearch
FNDA:0,handleItemClick
FNDA:0,handleItemsPerPageChange
FNDA:4,calculateTotalCountAndPages
FNDA:0,handleSearchResultClose
FNDA:0,image.onload
FNDA:5,initPokemons
FNDA:0,handleSearch
FNDA:0,onPageChange
DA:1,1
DA:2,1
DA:3,1
DA:4,1
DA:5,1
DA:6,1
DA:7,1
DA:8,1
DA:9,1
DA:10,1
DA:11,1
DA:12,1
DA:13,15
DA:14,15
DA:15,15
DA:16,15
DA:17,15
DA:18,15
DA:19,1
DA:20,1
DA:21,1
DA:22,1
DA:23,0
DA:24,0
DA:25,0
DA:26,0
DA:27,0
DA:28,0
DA:29,1
DA:30,1
DA:31,1
DA:32,1
DA:33,1
DA:34,1
DA:35,1
DA:36,1
DA:37,1
DA:38,1
DA:39,1
DA:40,15
DA:41,15
DA:42,15
DA:43,15
DA:44,15
DA:45,0
DA:46,0
DA:47,0
DA:48,0
DA:49,0
DA:50,0
DA:51,0
DA:52,0
DA:53,15
DA:54,15
DA:55,15
DA:56,0
DA:57,0
DA:58,0
DA:59,0
DA:60,0
DA:61,0
DA:62,0
DA:63,0
DA:64,0
DA:65,0
DA:66,0
DA:67,15
DA:68,15
DA:69,15
DA:70,4
DA:71,4
DA:72,4
DA:73,15
DA:74,15
DA:75,15
DA:76,0
DA:77,0
DA:78,15
DA:79,15
DA:80,15
DA:81,1
DA:82,1
DA:83,1
DA:84,1
DA:85,1
DA:86,1
DA:87,1
DA:88,1
DA:89,1
DA:90,1
DA:91,1
DA:92,1
DA:93,1
DA:94,0
DA:95,1
DA:96,1
DA:97,1
DA:98,1
DA:99,0
DA:100,0
DA:101,0
DA:102,0
DA:103,0
DA:104,0
DA:105,0
DA:106,0
DA:107,0
DA:108,0
DA:109,0
DA:110,1
DA:111,0
DA:112,0
DA:113,0
DA:114,15
DA:115,15
DA:116,15
DA:117,15
DA:118,0
DA:119,0
DA:120,0
DA:121,0
DA:122,0
DA:123,0
DA:124,0
DA:125,0
DA:126,0
DA:127,0
DA:128,0
DA:129,0
DA:130,0
DA:131,0
DA:132,0
DA:133,15
DA:134,15
DA:135,15
DA:136,15
DA:137,15
DA:138,15
DA:139,2
DA:140,2
DA:141,2
DA:142,2
DA:143,2
DA:144,2
DA:145,2
DA:146,2
DA:147,2
DA:148,2
DA:149,2
DA:150,2
DA:151,2
DA:152,2
DA:153,2
DA:154,2
DA:155,2
DA:156,2
DA:157,1
DA:158,0
DA:159,2
DA:160,2
DA:161,2
DA:162,1
DA:163,1
DA:164,1
DA:165,1
DA:166,1
DA:167,1
DA:168,1
DA:169,2
DA:170,0
DA:171,0
DA:172,2
DA:173,0
DA:174,2
DA:175,1
DA:176,1
DA:177,15
DA:178,15
DA:179,15
DA:180,15
DA:181,15
DA:182,15
DA:183,2
DA:184,0
DA:185,2
DA:186,2
DA:187,2
DA:188,15
DA:189,15
DA:190,15
DA:191,15
DA:192,15
DA:193,5
DA:194,5
DA:195,5
DA:196,5
DA:197,5
DA:198,5
DA:199,0
DA:200,0
DA:201,0
DA:202,0
DA:203,0
DA:204,2
DA:205,2
DA:206,2
DA:207,2
DA:208,2
DA:209,2
DA:210,2
DA:211,2
DA:212,2
DA:213,2
DA:214,2
DA:215,2
DA:216,2
DA:217,2
DA:218,2
DA:219,2
DA:220,0
DA:221,0
DA:222,0
DA:223,0
DA:224,0
DA:225,2
DA:226,2
DA:227,2
DA:228,0
DA:229,0
DA:230,2
DA:231,2
DA:232,5
DA:233,5
DA:234,3
DA:235,3
DA:236,5
DA:237,0
DA:238,0
DA:239,5
DA:240,5
DA:241,5
DA:242,15
DA:243,15
DA:244,15
DA:245,0
DA:246,0
DA:247,0
DA:248,15
DA:249,15
DA:250,15
DA:251,9
DA:252,15
DA:253,15
DA:254,15
DA:255,15
DA:256,15
DA:257,15
DA:258,15
DA:259,15
DA:260,15
DA:261,15
DA:262,15
DA:263,15
DA:264,15
DA:265,15
DA:266,15
DA:267,15
DA:268,15
DA:269,15
DA:270,15
DA:271,15
DA:272,15
DA:273,15
DA:274,15
DA:275,15
DA:276,0
DA:277,0
DA:278,0
DA:279,0
DA:280,0
DA:281,0
DA:282,0
DA:283,0
DA:284,0
DA:285,0
DA:286,0
DA:287,0
DA:288,0
DA:289,0
DA:290,0
DA:291,15
DA:292,15
DA:293,15
DA:294,15
DA:295,0
DA:296,0
DA:297,0
DA:298,0
DA:299,0
DA:300,0
DA:301,15
DA:302,15
DA:303,15
DA:304,15
DA:305,1
DA:306,1
LF:306
LH:206
BRDA:12,0,0,15
BRDA:275,1,0,0
BRDA:294,2,0,0
BRDA:294,3,0,0
BRDA:18,4,0,1
BRDA:22,5,0,0
BRDA:69,6,0,4
BRDA:80,7,0,1
BRDA:99,8,0,0
BRDA:110,9,0,0
BRDA:86,10,0,2
BRDA:90,11,0,1
BRDA:138,12,0,2
BRDA:151,13,0,1
BRDA:155,14,0,1
BRDA:162,15,0,1
BRDA:169,16,0,0
BRDA:172,17,0,0
BRDA:174,18,0,1
BRDA:156,19,0,1
BRDA:158,20,0,0
BRDA:182,21,0,2
BRDA:183,22,0,0
BRDA:192,23,0,5
BRDA:193,24,0,5
BRDA:198,25,0,2
BRDA:198,26,0,2
BRDA:198,27,0,0
BRDA:219,28,0,0
BRDA:227,29,0,0
BRDA:233,30,0,3
BRDA:236,31,0,0
BRDA:250,32,0,9
BRF:33
BRH:19
end_of_record
TN:
SF:src/components/SearchInput.tsx
FN:1,Object.<anonymous>
FN:7,SearchInput
FN:19,handleSearch
FN:25,handleInputChange
FN:28,handleKeyDown
FNF:5
FNH:5
FNDA:5,Object.<anonymous>
FNDA:28,SearchInput
FNDA:3,handleSearch
FNDA:4,handleInputChange
FNDA:1,handleKeyDown
DA:1,5
DA:2,5
DA:3,5
DA:4,5
DA:5,5
DA:6,5
DA:7,5
DA:8,28
DA:9,28
DA:10,28
DA:11,28
DA:12,11
DA:13,11
DA:14,11
DA:15,11
DA:16,3
DA:17,3
DA:18,28
DA:19,28
DA:20,3
DA:21,3
DA:22,3
DA:23,3
DA:24,28
DA:25,28
DA:26,4
DA:27,28
DA:28,28
DA:29,1
DA:30,1
DA:31,1
DA:32,1
DA:33,1
DA:34,28
DA:35,28
DA:36,28
DA:37,28
DA:38,28
DA:39,28
DA:40,28
DA:41,28
DA:42,28
DA:43,28
DA:44,28
DA:45,28
DA:46,28
DA:47,28
DA:48,28
DA:49,28
LF:49
LH:49
BRDA:1,0,0,5
BRDA:1,1,0,5
BRDA:7,2,0,28
BRDA:11,3,0,11
BRDA:16,4,0,3
BRDA:19,5,0,3
BRDA:25,6,0,4
BRDA:28,7,0,1
BRF:8
BRH:8
end_of_record
TN:
SF:src/components/SearchResult.tsx
FN:17,SearchResult
FN:28,handleItemClick
FN:33,handleContainerClick
FN:50,onClick
FNF:4
FNH:4
FNDA:18,SearchResult
FNDA:1,handleItemClick
FNDA:1,handleContainerClick
FNDA:1,onClick
DA:1,1
DA:2,1
DA:3,1
DA:4,1
DA:5,1
DA:6,1
DA:7,1
DA:8,1
DA:9,1
DA:10,1
DA:11,1
DA:12,1
DA:13,1
DA:14,1
DA:15,1
DA:16,1
DA:17,1
DA:18,18
DA:19,18
DA:20,18
DA:21,18
DA:22,18
DA:23,18
DA:24,18
DA:25,18
DA:26,18
DA:27,18
DA:28,18
DA:29,1
DA:30,1
DA:31,18
DA:32,18
DA:33,18
DA:34,1
DA:35,0
DA:36,0
DA:37,18
DA:38,18
DA:39,18
DA:40,18
DA:41,18
DA:42,18
DA:43,18
DA:44,18
DA:45,18
DA:46,1
DA:47,3
DA:48,3
DA:49,3
DA:50,3
DA:51,1
DA:52,3
DA:53,3
DA:54,3
DA:55,2
DA:56,2
DA:57,2
DA:58,2
DA:59,0
DA:60,2
DA:61,2
DA:62,3
DA:63,3
DA:64,3
DA:65,3
DA:66,3
DA:67,3
DA:68,3
DA:69,3
DA:70,3
DA:71,3
DA:72,3
DA:73,3
DA:74,18
DA:75,18
DA:76,18
DA:77,18
DA:78,18
DA:79,18
DA:80,1
DA:81,1
LF:81
LH:78
BRDA:17,0,0,18
BRDA:43,1,0,1
BRDA:44,2,0,1
BRDA:45,3,0,1
BRDA:75,4,0,17
BRDA:75,5,0,16
BRDA:28,6,0,1
BRDA:33,7,0,1
BRDA:34,8,0,0
BRDA:34,9,0,0
BRDA:46,10,0,3
BRDA:54,11,0,2
BRDA:57,12,0,0
BRDA:58,13,0,0
BRDA:50,14,0,1
BRF:15
BRH:11
end_of_record
TN:
SF:src/constants/route.ts
FNF:0
FNH:0
DA:1,1
DA:2,1
DA:3,1
DA:4,1
LF:4
LH:4
BRF:0
BRH:0
end_of_record
TN:
SF:src/context/PokemonContext.tsx
FN:1,Object.<anonymous>
FN:30,dispatch
FN:31,reducer
FN:67,PokemonProvider
FN:76,usePokemonContext
FNF:5
FNH:4
FNDA:6,Object.<anonymous>
FNDA:0,dispatch
FNDA:7,reducer
FNDA:12,PokemonProvider
FNDA:19,usePokemonContext
DA:1,6
DA:2,6
DA:3,6
DA:4,6
DA:5,6
DA:6,6
DA:7,6
DA:8,6
DA:9,6
DA:10,6
DA:11,6
DA:12,6
DA:13,6
DA:14,6
DA:15,6
DA:16,6
DA:17,6
DA:18,6
DA:19,6
DA:20,6
DA:21,6
DA:22,6
DA:23,6
DA:24,6
DA:25,6
DA:26,6
DA:27,6
DA:28,6
DA:29,6
DA:30,6
DA:31,6
DA:32,7
DA:33,7
DA:34,7
DA:35,0
DA:36,0
DA:37,7
DA:38,1
DA:39,1
DA:40,7
DA:41,2
DA:42,7
DA:43,1
DA:44,7
DA:45,1
DA:46,1
DA:47,1
DA:48,7
DA:49,0
DA:50,0
DA:51,0
DA:52,0
DA:53,0
DA:54,7
DA:55,2
DA:56,7
DA:57,0
DA:58,0
DA:59,0
DA:60,0
DA:61,7
DA:62,0
DA:63,0
DA:64,7
DA:65,6
DA:66,6
DA:67,6
DA:68,12
DA:69,12
DA:70,12
DA:71,12
DA:72,12
DA:73,6
DA:74,6
DA:75,6
DA:76,6
DA:77,6
DA:78,6
DA:79,6
DA:80,6
DA:81,6
DA:82,6
DA:83,6
DA:84,6
DA:85,6
DA:86,6
DA:87,6
DA:88,6
DA:89,6
DA:90,6
DA:91,6
DA:92,6
DA:93,6
DA:94,6
DA:95,6
DA:96,6
DA:97,6
DA:98,6
DA:99,6
DA:100,6
DA:101,6
LF:101
LH:88
BRDA:1,0,0,6
BRDA:1,1,0,6
BRDA:31,2,0,7
BRDA:33,3,0,0
BRDA:34,4,0,0
BRDA:38,5,0,1
BRDA:40,6,0,2
BRDA:42,7,0,1
BRDA:44,8,0,1
BRDA:48,9,0,0
BRDA:54,10,0,2
BRDA:57,11,0,0
BRDA:61,12,0,0
BRDA:64,13,0,0
BRDA:67,14,0,12
BRDA:76,15,0,19
BRF:16
BRH:10
end_of_record
TN:
SF:src/pages/Main.tsx
FN:8,Main
FNF:1
FNH:1
FNDA:5,Main
DA:1,1
DA:2,1
DA:3,1
DA:4,1
DA:5,1
DA:6,1
DA:7,1
DA:8,1
DA:9,5
DA:10,5
DA:11,5
DA:12,5
DA:13,5
DA:14,5
DA:15,5
DA:16,5
DA:17,5
DA:18,5
DA:19,1
DA:20,1
LF:20
LH:20
BRDA:8,0,0,5
BRF:1
BRH:1
end_of_record
TN:
SF:src/pages/NotFound.tsx
FN:6,NotFound
FNF:1
FNH:1
FNDA:2,NotFound
DA:1,1
DA:2,1
DA:3,1
DA:4,1
DA:5,1
DA:6,1
DA:7,2
DA:8,2
DA:9,2
DA:10,2
DA:11,2
DA:12,2
DA:13,2
DA:14,2
DA:15,2
DA:16,2
DA:17,2
DA:18,2
DA:19,2
DA:20,2
DA:21,2
DA:22,2
DA:23,2
DA:24,2
DA:25,2
DA:26,2
DA:27,2
DA:28,2
DA:29,2
DA:30,2
DA:31,2
DA:32,2
DA:33,2
DA:34,2
DA:35,2
DA:36,2
DA:37,2
DA:38,2
DA:39,2
DA:40,2
DA:41,1
DA:42,1
LF:42
LH:42
BRDA:6,0,0,2
BRF:1
BRH:1
end_of_record
